build/app/intermediates/manifest_merge_blame_file/release/manifest-merger-blame-release-report.txt
1<?xml version="1.0" encoding="utf-8"?>
2<manifest xmlns:android="http://schemas.android.com/apk/res/android"
3    package="com.jfill.onestore"
4    android:versionCode="1"
5    android:versionName="1.0.1" >
6
7    <uses-sdk
8        android:minSdkVersion="21"
8-->src/main/AndroidManifest.xml
9        android:targetSdkVersion="30" />
9-->src/main/AndroidManifest.xml
10    <!-- Request legacy Bluetooth permissions on older devices. -->
11    <uses-permission
11-->src/main/AndroidManifest.xml:4:5-5:51
12        android:name="android.permission.BLUETOOTH"
12-->src/main/AndroidManifest.xml:4:22-65
13        android:maxSdkVersion="30" />
13-->src/main/AndroidManifest.xml:5:22-48
14    <uses-permission
14-->src/main/AndroidManifest.xml:6:5-7:51
15        android:name="android.permission.BLUETOOTH_ADMIN"
15-->src/main/AndroidManifest.xml:6:22-71
16        android:maxSdkVersion="30" />
16-->src/main/AndroidManifest.xml:7:22-48
17
18    <!--
19         Needed only if your app looks for Bluetooth devices.
20         If your app doesn't use Bluetooth scan results to derive physical
21         location information, you can strongly assert that your app
22         doesn't derive physical location.
23    -->
24    <uses-permission android:name="android.permission.BLUETOOTH_SCAN" />
24-->src/main/AndroidManifest.xml:13:5-73
24-->src/main/AndroidManifest.xml:13:22-70
25
26    <!--
27         Needed only if your app makes the device discoverable to Bluetooth
28         devices.
29    -->
30    <uses-permission android:name="android.permission.BLUETOOTH_ADVERTISE" />
30-->src/main/AndroidManifest.xml:17:5-78
30-->src/main/AndroidManifest.xml:17:22-75
31
32    <!--
33         Needed only if your app communicates with already-paired Bluetooth
34         devices.
35    -->
36    <uses-permission android:name="android.permission.BLUETOOTH_CONNECT" />
36-->src/main/AndroidManifest.xml:21:5-76
36-->src/main/AndroidManifest.xml:21:22-73
37
38    <!-- Needed only if your app uses Bluetooth scan results to derive physical location. -->
39    <uses-permission android:name="android.permission.ACCESS_FINE_LOCATION" />
39-->src/main/AndroidManifest.xml:24:5-79
39-->src/main/AndroidManifest.xml:24:22-76
40    <uses-permission android:name="android.permission.ACCESS_BACKGROUND_LOCATION" />
40-->src/main/AndroidManifest.xml:25:5-85
40-->src/main/AndroidManifest.xml:25:22-82
41
42    <queries>
42-->src/main/AndroidManifest.xml:67:11-88:21
43
44        <!-- If your app opens https URLs -->
45        <intent>
45-->src/main/AndroidManifest.xml:69:13-72:22
46            <action android:name="android.intent.action.VIEW" />
46-->src/main/AndroidManifest.xml:70:15-67
46-->src/main/AndroidManifest.xml:70:23-64
47
48            <data android:scheme="https" />
48-->src/main/AndroidManifest.xml:71:15-46
48-->src/main/AndroidManifest.xml:71:21-43
49        </intent>
50        <!-- If your app makes calls -->
51        <intent>
51-->src/main/AndroidManifest.xml:74:13-77:22
52            <action android:name="android.intent.action.DIAL" />
52-->src/main/AndroidManifest.xml:75:15-67
52-->src/main/AndroidManifest.xml:75:23-64
53
54            <data android:scheme="tel" />
54-->src/main/AndroidManifest.xml:71:15-46
54-->src/main/AndroidManifest.xml:71:21-43
55        </intent>
56        <!-- If your sends SMS messages -->
57        <intent>
57-->src/main/AndroidManifest.xml:79:13-82:22
58            <action android:name="android.intent.action.SENDTO" />
58-->src/main/AndroidManifest.xml:80:15-69
58-->src/main/AndroidManifest.xml:80:23-66
59
60            <data android:scheme="smsto" />
60-->src/main/AndroidManifest.xml:71:15-46
60-->src/main/AndroidManifest.xml:71:21-43
61        </intent>
62        <!-- If your app sends emails -->
63        <intent>
63-->src/main/AndroidManifest.xml:84:13-87:22
64            <action android:name="android.intent.action.SEND" />
64-->src/main/AndroidManifest.xml:85:15-67
64-->src/main/AndroidManifest.xml:85:23-64
65
66            <data android:mimeType="*/*" />
66-->src/main/AndroidManifest.xml:71:15-46
66-->src/main/AndroidManifest.xml:86:21-43
67        </intent>
68    </queries>
69
70    <uses-permission android:name="android.permission.ACCESS_NETWORK_STATE" />
70-->[:firebase_analytics] AndroidManifest.xml:7:5-79
70-->[:firebase_analytics] AndroidManifest.xml:7:22-76
71    <uses-permission android:name="android.permission.INTERNET" />
71-->[:firebase_analytics] AndroidManifest.xml:8:5-67
71-->[:firebase_analytics] AndroidManifest.xml:8:22-64
72    <uses-permission android:name="android.permission.WAKE_LOCK" />
72-->[:firebase_analytics] AndroidManifest.xml:9:5-68
72-->[:firebase_analytics] AndroidManifest.xml:9:22-65
73    <uses-permission android:name="android.permission.CAMERA" />
73-->[:flutter_barcode_scanner] AndroidManifest.xml:9:5-65
73-->[:flutter_barcode_scanner] AndroidManifest.xml:9:22-62
74
75    <uses-feature android:name="android.hardware.camera" />
75-->[:flutter_barcode_scanner] AndroidManifest.xml:11:5-60
75-->[:flutter_barcode_scanner] AndroidManifest.xml:11:19-57
76
77    <uses-permission android:name="android.permission.FLASHLIGHT" />
77-->[:flutter_barcode_scanner] AndroidManifest.xml:13:5-69
77-->[:flutter_barcode_scanner] AndroidManifest.xml:13:22-66
78    <uses-permission android:name="android.permission.REQUEST_INSTALL_PACKAGES" />
78-->[:open_file] AndroidManifest.xml:8:5-83
78-->[:open_file] AndroidManifest.xml:8:22-80
79    <uses-permission android:name="android.permission.READ_EXTERNAL_STORAGE" />
79-->[:open_file] AndroidManifest.xml:9:5-80
79-->[:open_file] AndroidManifest.xml:9:22-77
80    <uses-permission android:name="com.google.android.gms.permission.AD_ID" />
80-->[com.google.android.gms:play-services-measurement-api:21.1.1] AndroidManifest.xml:25:5-79
80-->[com.google.android.gms:play-services-measurement-api:21.1.1] AndroidManifest.xml:25:22-76
81    <uses-permission android:name="com.google.android.finsky.permission.BIND_GET_INSTALL_REFERRER_SERVICE" />
81-->[com.google.android.gms:play-services-measurement:21.1.1] AndroidManifest.xml:26:5-110
81-->[com.google.android.gms:play-services-measurement:21.1.1] AndroidManifest.xml:26:22-107
82
83    <permission
83-->[androidx.core:core:1.9.0] AndroidManifest.xml:22:5-24:47
84        android:name="com.jfill.onestore.DYNAMIC_RECEIVER_NOT_EXPORTED_PERMISSION"
84-->[androidx.core:core:1.9.0] AndroidManifest.xml:23:9-81
85        android:protectionLevel="signature" />
85-->[androidx.core:core:1.9.0] AndroidManifest.xml:24:9-44
86
87    <uses-permission android:name="com.jfill.onestore.DYNAMIC_RECEIVER_NOT_EXPORTED_PERMISSION" />
87-->[androidx.core:core:1.9.0] AndroidManifest.xml:26:5-97
87-->[androidx.core:core:1.9.0] AndroidManifest.xml:26:22-94
88
89    <application
90        android:appComponentFactory="androidx.core.app.CoreComponentFactory"
90-->[androidx.core:core:1.9.0] AndroidManifest.xml:28:18-86
91        android:icon="@mipmap/ic_launcher"
91-->src/main/AndroidManifest.xml:29:9-43
92        android:label="Dcommerce"
92-->src/main/AndroidManifest.xml:28:9-42
93        android:largeHeap="true"
93-->[:flutter_barcode_scanner] AndroidManifest.xml:16:9-33
94        android:theme="@style/Theme.AppCompat.NoActionBar" >
94-->[:flutter_barcode_scanner] AndroidManifest.xml:17:9-59
95        <activity
95-->src/main/AndroidManifest.xml:30:9-58:20
96            android:name="com.jfill.online.MainActivity"
96-->src/main/AndroidManifest.xml:31:13-41
97            android:configChanges="orientation|keyboardHidden|keyboard|screenSize|smallestScreenSize|locale|layoutDirection|fontScale|screenLayout|density|uiMode"
97-->src/main/AndroidManifest.xml:34:13-163
98            android:hardwareAccelerated="true"
98-->src/main/AndroidManifest.xml:35:13-47
99            android:launchMode="singleTop"
99-->src/main/AndroidManifest.xml:32:13-43
100            android:theme="@style/LaunchTheme"
100-->src/main/AndroidManifest.xml:33:13-47
101            android:windowSoftInputMode="adjustResize" >
101-->src/main/AndroidManifest.xml:36:13-55
102
103            <!--
104                 Specifies an Android theme to apply to this Activity as soon as
105                 the Android process has started. This theme is visible to the user
106                 while the Flutter UI initializes. After that, this theme continues
107                 to determine the Window background behind the Flutter UI.
108            -->
109            <meta-data
109-->src/main/AndroidManifest.xml:41:13-44:17
110                android:name="io.flutter.embedding.android.NormalTheme"
110-->src/main/AndroidManifest.xml:42:15-70
111                android:resource="@style/NormalTheme" />
111-->src/main/AndroidManifest.xml:43:15-52
112            <!--
113                 Displays an Android View that continues showing the launch screen
114                 Drawable until Flutter paints its first frame, then this splash
115                 screen fades out. A splash screen is useful to avoid any visual
116                 gap between the end of Android's launch screen and the painting of
117                 Flutter's first frame.
118            -->
119            <meta-data
119-->src/main/AndroidManifest.xml:50:13-53:17
120                android:name="io.flutter.embedding.android.SplashScreenDrawable"
120-->src/main/AndroidManifest.xml:51:15-79
121                android:resource="@drawable/launch_background" />
121-->src/main/AndroidManifest.xml:52:15-61
122
123            <intent-filter>
123-->src/main/AndroidManifest.xml:54:13-57:29
124                <action android:name="android.intent.action.MAIN" />
124-->src/main/AndroidManifest.xml:55:17-68
124-->src/main/AndroidManifest.xml:55:25-66
125
126                <category android:name="android.intent.category.LAUNCHER" />
126-->src/main/AndroidManifest.xml:56:17-76
126-->src/main/AndroidManifest.xml:56:27-74
127            </intent-filter>
128        </activity>
129        <!--
130             Don't delete the meta-data below.
131             This is used by the Flutter tool to generate GeneratedPluginRegistrant.java
132        -->
133        <meta-data
133-->src/main/AndroidManifest.xml:61:9-63:33
134            android:name="flutterEmbedding"
134-->src/main/AndroidManifest.xml:62:13-44
135            android:value="2" />
135-->src/main/AndroidManifest.xml:63:13-30
136
137        <service
137-->[:cloud_firestore] AndroidManifest.xml:8:9-12:19
138            android:name="com.google.firebase.components.ComponentDiscoveryService"
138-->[:cloud_firestore] AndroidManifest.xml:8:18-89
139            android:directBootAware="true"
139-->[com.google.firebase:firebase-common:20.1.2] AndroidManifest.xml:35:13-43
140            android:exported="false" >
140-->[com.google.firebase:firebase-auth:21.0.8] AndroidManifest.xml:66:13-37
141            <meta-data
141-->[:cloud_firestore] AndroidManifest.xml:9:13-11:85
142                android:name="com.google.firebase.components:io.flutter.plugins.firebase.firestore.FlutterFirebaseFirestoreRegistrar"
142-->[:cloud_firestore] AndroidManifest.xml:10:17-134
143                android:value="com.google.firebase.components.ComponentRegistrar" />
143-->[:cloud_firestore] AndroidManifest.xml:11:17-82
144            <meta-data
144-->[:firebase_analytics] AndroidManifest.xml:13:13-15:85
145                android:name="com.google.firebase.components:io.flutter.plugins.firebaseanalytics.FlutterFirebaseAppRegistrar"
145-->[:firebase_analytics] AndroidManifest.xml:14:17-127
146                android:value="com.google.firebase.components.ComponentRegistrar" />
146-->[:firebase_analytics] AndroidManifest.xml:15:17-82
147            <meta-data
147-->[:firebase_auth] AndroidManifest.xml:9:13-11:85
148                android:name="com.google.firebase.components:io.flutter.plugins.firebase.auth.FlutterFirebaseAuthRegistrar"
148-->[:firebase_auth] AndroidManifest.xml:10:17-124
149                android:value="com.google.firebase.components.ComponentRegistrar" />
149-->[:firebase_auth] AndroidManifest.xml:11:17-82
150            <meta-data
150-->[:firebase_core] AndroidManifest.xml:9:13-11:85
151                android:name="com.google.firebase.components:io.flutter.plugins.firebase.core.FlutterFirebaseCoreRegistrar"
151-->[:firebase_core] AndroidManifest.xml:10:17-124
152                android:value="com.google.firebase.components.ComponentRegistrar" />
152-->[:firebase_core] AndroidManifest.xml:11:17-82
153            <meta-data
153-->[com.google.firebase:firebase-auth:21.0.8] AndroidManifest.xml:67:13-69:85
154                android:name="com.google.firebase.components:com.google.firebase.auth.FirebaseAuthRegistrar"
154-->[com.google.firebase:firebase-auth:21.0.8] AndroidManifest.xml:68:17-109
155                android:value="com.google.firebase.components.ComponentRegistrar" />
155-->[com.google.firebase:firebase-auth:21.0.8] AndroidManifest.xml:69:17-82
156            <meta-data
156-->[com.google.firebase:firebase-firestore:24.3.1] AndroidManifest.xml:20:13-22:85
157                android:name="com.google.firebase.components:com.google.firebase.firestore.FirestoreRegistrar"
157-->[com.google.firebase:firebase-firestore:24.3.1] AndroidManifest.xml:21:17-111
158                android:value="com.google.firebase.components.ComponentRegistrar" />
158-->[com.google.firebase:firebase-firestore:24.3.1] AndroidManifest.xml:22:17-82
159            <meta-data
159-->[com.google.android.gms:play-services-measurement-api:21.1.1] AndroidManifest.xml:31:13-33:85
160                android:name="com.google.firebase.components:com.google.firebase.analytics.connector.internal.AnalyticsConnectorRegistrar"
160-->[com.google.android.gms:play-services-measurement-api:21.1.1] AndroidManifest.xml:32:17-139
161                android:value="com.google.firebase.components.ComponentRegistrar" />
161-->[com.google.android.gms:play-services-measurement-api:21.1.1] AndroidManifest.xml:33:17-82
162            <meta-data
162-->[com.google.firebase:firebase-installations:17.0.3] AndroidManifest.xml:18:13-20:85
163                android:name="com.google.firebase.components:com.google.firebase.installations.FirebaseInstallationsRegistrar"
163-->[com.google.firebase:firebase-installations:17.0.3] AndroidManifest.xml:19:17-127
164                android:value="com.google.firebase.components.ComponentRegistrar" />
164-->[com.google.firebase:firebase-installations:17.0.3] AndroidManifest.xml:20:17-82
165        </service>
166
167        <activity android:name="com.amolg.flutterbarcodescanner.BarcodeCaptureActivity" />
167-->[:flutter_barcode_scanner] AndroidManifest.xml:18:9-91
167-->[:flutter_barcode_scanner] AndroidManifest.xml:18:19-88
168
169        <provider
169-->[:image_picker_android] AndroidManifest.xml:8:9-16:20
170            android:name="io.flutter.plugins.imagepicker.ImagePickerFileProvider"
170-->[:image_picker_android] AndroidManifest.xml:9:13-82
171            android:authorities="com.jfill.onestore.flutter.image_provider"
171-->[:image_picker_android] AndroidManifest.xml:10:13-74
172            android:exported="false"
172-->[:image_picker_android] AndroidManifest.xml:11:13-37
173            android:grantUriPermissions="true" >
173-->[:image_picker_android] AndroidManifest.xml:12:13-47
174            <meta-data
174-->[:image_picker_android] AndroidManifest.xml:13:13-15:75
175                android:name="android.support.FILE_PROVIDER_PATHS"
175-->[:image_picker_android] AndroidManifest.xml:14:17-67
176                android:resource="@xml/flutter_image_picker_file_paths" />
176-->[:image_picker_android] AndroidManifest.xml:15:17-72
177        </provider>
178
179        <activity
179-->[:url_launcher_android] AndroidManifest.xml:8:9-11:74
180            android:name="io.flutter.plugins.urllauncher.WebViewActivity"
180-->[:url_launcher_android] AndroidManifest.xml:9:13-74
181            android:exported="false"
181-->[:url_launcher_android] AndroidManifest.xml:10:13-37
182            android:theme="@android:style/Theme.NoTitleBar.Fullscreen" />
182-->[:url_launcher_android] AndroidManifest.xml:11:13-71
183
184        <provider
184-->[:open_file] AndroidManifest.xml:12:9-21:20
185            android:name="com.crazecoder.openfile.FileProvider"
185-->[:open_file] AndroidManifest.xml:13:13-64
186            android:authorities="com.jfill.onestore.fileProvider.com.crazecoder.openfile"
186-->[:open_file] AndroidManifest.xml:14:13-88
187            android:exported="false"
187-->[:open_file] AndroidManifest.xml:15:13-37
188            android:grantUriPermissions="true" >
188-->[:open_file] AndroidManifest.xml:16:13-47
189            <meta-data
189-->[:image_picker_android] AndroidManifest.xml:13:13-15:75
190                android:name="android.support.FILE_PROVIDER_PATHS"
190-->[:image_picker_android] AndroidManifest.xml:14:17-67
191                android:resource="@xml/filepaths" />
191-->[:image_picker_android] AndroidManifest.xml:15:17-72
192        </provider>
193
194        <activity
194-->[com.google.firebase:firebase-auth:21.0.8] AndroidManifest.xml:27:9-44:20
195            android:name="com.google.firebase.auth.internal.GenericIdpActivity"
195-->[com.google.firebase:firebase-auth:21.0.8] AndroidManifest.xml:28:13-80
196            android:excludeFromRecents="true"
196-->[com.google.firebase:firebase-auth:21.0.8] AndroidManifest.xml:29:13-46
197            android:exported="true"
197-->[com.google.firebase:firebase-auth:21.0.8] AndroidManifest.xml:30:13-36
198            android:launchMode="singleTask"
198-->[com.google.firebase:firebase-auth:21.0.8] AndroidManifest.xml:31:13-44
199            android:theme="@android:style/Theme.Translucent.NoTitleBar" >
199-->[com.google.firebase:firebase-auth:21.0.8] AndroidManifest.xml:32:13-72
200            <intent-filter>
200-->[com.google.firebase:firebase-auth:21.0.8] AndroidManifest.xml:33:13-43:29
201                <action android:name="android.intent.action.VIEW" />
201-->src/main/AndroidManifest.xml:70:15-67
201-->src/main/AndroidManifest.xml:70:23-64
202
203                <category android:name="android.intent.category.DEFAULT" />
203-->[com.google.firebase:firebase-auth:21.0.8] AndroidManifest.xml:36:17-76
203-->[com.google.firebase:firebase-auth:21.0.8] AndroidManifest.xml:36:27-73
204                <category android:name="android.intent.category.BROWSABLE" />
204-->[com.google.firebase:firebase-auth:21.0.8] AndroidManifest.xml:37:17-78
204-->[com.google.firebase:firebase-auth:21.0.8] AndroidManifest.xml:37:27-75
205
206                <data
206-->src/main/AndroidManifest.xml:71:15-46
207                    android:host="firebase.auth"
208                    android:path="/"
209                    android:scheme="genericidp" />
209-->src/main/AndroidManifest.xml:71:21-43
210            </intent-filter>
211        </activity>
212        <activity
212-->[com.google.firebase:firebase-auth:21.0.8] AndroidManifest.xml:45:9-62:20
213            android:name="com.google.firebase.auth.internal.RecaptchaActivity"
213-->[com.google.firebase:firebase-auth:21.0.8] AndroidManifest.xml:46:13-79
214            android:excludeFromRecents="true"
214-->[com.google.firebase:firebase-auth:21.0.8] AndroidManifest.xml:47:13-46
215            android:exported="true"
215-->[com.google.firebase:firebase-auth:21.0.8] AndroidManifest.xml:48:13-36
216            android:launchMode="singleTask"
216-->[com.google.firebase:firebase-auth:21.0.8] AndroidManifest.xml:49:13-44
217            android:theme="@android:style/Theme.Translucent.NoTitleBar" >
217-->[com.google.firebase:firebase-auth:21.0.8] AndroidManifest.xml:50:13-72
218            <intent-filter>
218-->[com.google.firebase:firebase-auth:21.0.8] AndroidManifest.xml:51:13-61:29
219                <action android:name="android.intent.action.VIEW" />
219-->src/main/AndroidManifest.xml:70:15-67
219-->src/main/AndroidManifest.xml:70:23-64
220
221                <category android:name="android.intent.category.DEFAULT" />
221-->[com.google.firebase:firebase-auth:21.0.8] AndroidManifest.xml:36:17-76
221-->[com.google.firebase:firebase-auth:21.0.8] AndroidManifest.xml:36:27-73
222                <category android:name="android.intent.category.BROWSABLE" />
222-->[com.google.firebase:firebase-auth:21.0.8] AndroidManifest.xml:37:17-78
222-->[com.google.firebase:firebase-auth:21.0.8] AndroidManifest.xml:37:27-75
223
224                <data
224-->src/main/AndroidManifest.xml:71:15-46
225                    android:host="firebase.auth"
226                    android:path="/"
227                    android:scheme="recaptcha" />
227-->src/main/AndroidManifest.xml:71:21-43
228            </intent-filter>
229        </activity>
230
231        <provider
231-->[com.google.firebase:firebase-common:20.1.2] AndroidManifest.xml:26:9-31:39
232            android:name="com.google.firebase.provider.FirebaseInitProvider"
232-->[com.google.firebase:firebase-common:20.1.2] AndroidManifest.xml:27:13-77
233            android:authorities="com.jfill.onestore.firebaseinitprovider"
233-->[com.google.firebase:firebase-common:20.1.2] AndroidManifest.xml:28:13-72
234            android:directBootAware="true"
234-->[com.google.firebase:firebase-common:20.1.2] AndroidManifest.xml:29:13-43
235            android:exported="false"
235-->[com.google.firebase:firebase-common:20.1.2] AndroidManifest.xml:30:13-37
236            android:initOrder="100" />
236-->[com.google.firebase:firebase-common:20.1.2] AndroidManifest.xml:31:13-36
237
238        <receiver
238-->[com.google.android.gms:play-services-measurement:21.1.1] AndroidManifest.xml:29:9-33:20
239            android:name="com.google.android.gms.measurement.AppMeasurementReceiver"
239-->[com.google.android.gms:play-services-measurement:21.1.1] AndroidManifest.xml:30:13-85
240            android:enabled="true"
240-->[com.google.android.gms:play-services-measurement:21.1.1] AndroidManifest.xml:31:13-35
241            android:exported="false" >
241-->[com.google.android.gms:play-services-measurement:21.1.1] AndroidManifest.xml:32:13-37
242        </receiver>
243
244        <service
244-->[com.google.android.gms:play-services-measurement:21.1.1] AndroidManifest.xml:35:9-38:40
245            android:name="com.google.android.gms.measurement.AppMeasurementService"
245-->[com.google.android.gms:play-services-measurement:21.1.1] AndroidManifest.xml:36:13-84
246            android:enabled="true"
246-->[com.google.android.gms:play-services-measurement:21.1.1] AndroidManifest.xml:37:13-35
247            android:exported="false" />
247-->[com.google.android.gms:play-services-measurement:21.1.1] AndroidManifest.xml:38:13-37
248        <service
248-->[com.google.android.gms:play-services-measurement:21.1.1] AndroidManifest.xml:39:9-43:72
249            android:name="com.google.android.gms.measurement.AppMeasurementJobService"
249-->[com.google.android.gms:play-services-measurement:21.1.1] AndroidManifest.xml:40:13-87
250            android:enabled="true"
250-->[com.google.android.gms:play-services-measurement:21.1.1] AndroidManifest.xml:41:13-35
251            android:exported="false"
251-->[com.google.android.gms:play-services-measurement:21.1.1] AndroidManifest.xml:42:13-37
252            android:permission="android.permission.BIND_JOB_SERVICE" />
252-->[com.google.android.gms:play-services-measurement:21.1.1] AndroidManifest.xml:43:13-69
253
254        <activity
254-->[com.google.android.gms:play-services-base:18.0.1] AndroidManifest.xml:20:9-22:45
255            android:name="com.google.android.gms.common.api.GoogleApiActivity"
255-->[com.google.android.gms:play-services-base:18.0.1] AndroidManifest.xml:20:19-85
256            android:exported="false"
256-->[com.google.android.gms:play-services-base:18.0.1] AndroidManifest.xml:22:19-43
257            android:theme="@android:style/Theme.Translucent.NoTitleBar" />
257-->[com.google.android.gms:play-services-base:18.0.1] AndroidManifest.xml:21:19-78
258
259        <meta-data
259-->[com.google.android.gms:play-services-basement:18.1.0] AndroidManifest.xml:21:9-23:69
260            android:name="com.google.android.gms.version"
260-->[com.google.android.gms:play-services-basement:18.1.0] AndroidManifest.xml:22:13-58
261            android:value="@integer/google_play_services_version" />
261-->[com.google.android.gms:play-services-basement:18.1.0] AndroidManifest.xml:23:13-66
262
263        <uses-library
263-->[androidx.window:window:1.0.0-beta04] AndroidManifest.xml:25:9-27:40
264            android:name="androidx.window.extensions"
264-->[androidx.window:window:1.0.0-beta04] AndroidManifest.xml:26:13-54
265            android:required="false" />
265-->[androidx.window:window:1.0.0-beta04] AndroidManifest.xml:27:13-37
266        <uses-library
266-->[androidx.window:window:1.0.0-beta04] AndroidManifest.xml:28:9-30:40
267            android:name="androidx.window.sidecar"
267-->[androidx.window:window:1.0.0-beta04] AndroidManifest.xml:29:13-51
268            android:required="false" />
268-->[androidx.window:window:1.0.0-beta04] AndroidManifest.xml:30:13-37
269    </application>
270
271</manifest>